d:\humber\semester 2\game 151_game dynamics 1\assignment4_sarfarazsyed\sdl_project\debug\vc141.pdb
d:\humber\semester 2\game 151_game dynamics 1\assignment4_sarfarazsyed\sdl_project\debug\vc141.idb
d:\humber\semester 2\game 151_game dynamics 1\assignment4_sarfarazsyed\sdl_project\debug\assignment4.obj
d:\humber\semester 2\game 151_game dynamics 1\assignment4_sarfarazsyed\sdl_project\debug\body.obj
d:\humber\semester 2\game 151_game dynamics 1\assignment4_sarfarazsyed\sdl_project\debug\collider.obj
d:\humber\semester 2\game 151_game dynamics 1\assignment4_sarfarazsyed\sdl_project\debug\gamemanager.obj
d:\humber\semester 2\game 151_game dynamics 1\assignment4_sarfarazsyed\sdl_project\debug\main.obj
d:\humber\semester 2\game 151_game dynamics 1\assignment4_sarfarazsyed\sdl_project\debug\mmath.obj
d:\humber\semester 2\game 151_game dynamics 1\assignment4_sarfarazsyed\sdl_project\debug\timer.obj
d:\humber\semester 2\game 151_game dynamics 1\assignment4_sarfarazsyed\sdl_project\debug\vmath.obj
d:\humber\semester 2\game 151_game dynamics 1\assignment4_sarfarazsyed\sdl_project\debug\window.obj
d:\humber\semester 2\game 151_game dynamics 1\assignment4_sarfarazsyed\debug\assignment 4.exe
d:\humber\semester 2\game 151_game dynamics 1\assignment4_sarfarazsyed\debug\assignment 4.ilk
d:\humber\semester 2\game 151_game dynamics 1\assignment4_sarfarazsyed\debug\assignment 4.pdb
d:\humber\semester 2\game 151_game dynamics 1\assignment4_sarfarazsyed\sdl_project\debug\assignment 4.tlog\cl.command.1.tlog
d:\humber\semester 2\game 151_game dynamics 1\assignment4_sarfarazsyed\sdl_project\debug\assignment 4.tlog\cl.read.1.tlog
d:\humber\semester 2\game 151_game dynamics 1\assignment4_sarfarazsyed\sdl_project\debug\assignment 4.tlog\cl.write.1.tlog
d:\humber\semester 2\game 151_game dynamics 1\assignment4_sarfarazsyed\sdl_project\debug\assignment 4.tlog\link.command.1.tlog
d:\humber\semester 2\game 151_game dynamics 1\assignment4_sarfarazsyed\sdl_project\debug\assignment 4.tlog\link.read.1.tlog
d:\humber\semester 2\game 151_game dynamics 1\assignment4_sarfarazsyed\sdl_project\debug\assignment 4.tlog\link.write.1.tlog
